d:\xabiergarrote\onedrive - centro de estudios seim\programacion\proyectoc\proyectocxabiergarrote\proyectocxabiergarrote\debug\vc142.pdb
d:\xabiergarrote\onedrive - centro de estudios seim\programacion\proyectoc\proyectocxabiergarrote\proyectocxabiergarrote\debug\vc142.idb
d:\xabiergarrote\onedrive - centro de estudios seim\programacion\proyectoc\proyectocxabiergarrote\proyectocxabiergarrote\debug\funciones.obj
d:\xabiergarrote\onedrive - centro de estudios seim\programacion\proyectoc\proyectocxabiergarrote\proyectocxabiergarrote\debug\principalc.obj
d:\xabiergarrote\onedrive - centro de estudios seim\programacion\proyectoc\proyectocxabiergarrote\debug\proyectocxabiergarrote.pdb
d:\xabiergarrote\onedrive - centro de estudios seim\programacion\proyectoc\proyectocxabiergarrote\proyectocxabiergarrote\debug\proyecto.b15c151b.tlog\cl.command.1.tlog
d:\xabiergarrote\onedrive - centro de estudios seim\programacion\proyectoc\proyectocxabiergarrote\proyectocxabiergarrote\debug\proyecto.b15c151b.tlog\cl.read.1.tlog
d:\xabiergarrote\onedrive - centro de estudios seim\programacion\proyectoc\proyectocxabiergarrote\proyectocxabiergarrote\debug\proyecto.b15c151b.tlog\cl.write.1.tlog
d:\xabiergarrote\onedrive - centro de estudios seim\programacion\proyectoc\proyectocxabiergarrote\proyectocxabiergarrote\debug\proyecto.b15c151b.tlog\link-cvtres.read.1.tlog
d:\xabiergarrote\onedrive - centro de estudios seim\programacion\proyectoc\proyectocxabiergarrote\proyectocxabiergarrote\debug\proyecto.b15c151b.tlog\link-cvtres.write.1.tlog
d:\xabiergarrote\onedrive - centro de estudios seim\programacion\proyectoc\proyectocxabiergarrote\proyectocxabiergarrote\debug\proyecto.b15c151b.tlog\link-rc.read.1.tlog
d:\xabiergarrote\onedrive - centro de estudios seim\programacion\proyectoc\proyectocxabiergarrote\proyectocxabiergarrote\debug\proyecto.b15c151b.tlog\link-rc.write.1.tlog
d:\xabiergarrote\onedrive - centro de estudios seim\programacion\proyectoc\proyectocxabiergarrote\proyectocxabiergarrote\debug\proyecto.b15c151b.tlog\link.11208-cvtres.read.1.tlog
d:\xabiergarrote\onedrive - centro de estudios seim\programacion\proyectoc\proyectocxabiergarrote\proyectocxabiergarrote\debug\proyecto.b15c151b.tlog\link.11208-cvtres.write.1.tlog
d:\xabiergarrote\onedrive - centro de estudios seim\programacion\proyectoc\proyectocxabiergarrote\proyectocxabiergarrote\debug\proyecto.b15c151b.tlog\link.11208-rc.read.1.tlog
d:\xabiergarrote\onedrive - centro de estudios seim\programacion\proyectoc\proyectocxabiergarrote\proyectocxabiergarrote\debug\proyecto.b15c151b.tlog\link.11208-rc.write.1.tlog
d:\xabiergarrote\onedrive - centro de estudios seim\programacion\proyectoc\proyectocxabiergarrote\proyectocxabiergarrote\debug\proyecto.b15c151b.tlog\link.11208.read.1.tlog
d:\xabiergarrote\onedrive - centro de estudios seim\programacion\proyectoc\proyectocxabiergarrote\proyectocxabiergarrote\debug\proyecto.b15c151b.tlog\link.11208.write.1.tlog
d:\xabiergarrote\onedrive - centro de estudios seim\programacion\proyectoc\proyectocxabiergarrote\proyectocxabiergarrote\debug\proyecto.b15c151b.tlog\link.command.1.tlog
d:\xabiergarrote\onedrive - centro de estudios seim\programacion\proyectoc\proyectocxabiergarrote\proyectocxabiergarrote\debug\proyecto.b15c151b.tlog\link.read.1.tlog
d:\xabiergarrote\onedrive - centro de estudios seim\programacion\proyectoc\proyectocxabiergarrote\proyectocxabiergarrote\debug\proyecto.b15c151b.tlog\link.write.1.tlog
